2023-04-20 17:43:09,380 - [DEBUG] New log created with Medium Detail
2023-04-20 17:43:09,380 - [DEBUG] Database Initialized
2023-04-20 17:43:18,123 - [DEBUG] Attempting to fetch a SpeechGroup
2023-04-20 17:43:18,123 - [DEBUG] Retrieving data from the database
2023-04-20 17:43:22,373 - [DEBUG] Successfully fetched data from the database
2023-04-20 17:43:22,380 - [DEBUG] Successfully retrieved a list of speeches
2023-04-20 17:47:33,081 - [DEBUG] Attempting to fetch a SpeechGroup
2023-04-20 17:47:33,082 - [DEBUG] Retrieving data from the database
2023-04-20 17:47:37,194 - [DEBUG] Successfully fetched data from the database
2023-04-20 17:47:37,195 - [DEBUG] Successfully retrieved a list of speeches
2023-04-20 17:47:46,519 - [DEBUG] Attempting to fetch a SpeechGroup
2023-04-20 17:47:46,519 - [DEBUG] Retrieving data from the database
2023-04-20 17:47:50,682 - [DEBUG] Successfully fetched data from the database
2023-04-20 17:47:50,693 - [DEBUG] Successfully retrieved a list of speeches
2023-04-20 17:48:09,728 - [DEBUG] Attempting to fetch a SpeechGroup
2023-04-20 17:48:09,734 - [DEBUG] Retrieving data from the database
2023-04-20 17:48:13,695 - [DEBUG] Successfully fetched data from the database
2023-04-20 17:48:13,696 - [DEBUG] Successfully retrieved a list of speeches
2023-04-20 17:48:14,853 - [DEBUG] Attempting to fetch a SpeechGroup
2023-04-20 17:48:14,853 - [DEBUG] Retrieving data from the database
2023-04-20 17:48:18,838 - [DEBUG] Successfully fetched data from the database
2023-04-20 17:48:18,839 - [DEBUG] Successfully retrieved a list of speeches
2023-04-20 17:48:33,276 - [DEBUG] Attempting to extend a peechGroup
2023-04-21 09:54:24,115 - [DEBUG] New log created with Medium Detail
2023-04-21 09:54:24,115 - [DEBUG] Database Initialized
2023-04-21 09:54:24,203 - [DEBUG] Attempting to fetch a SpeechGroup
2023-04-21 09:54:24,203 - [DEBUG] Retrieving data from the database
2023-04-21 09:54:32,938 - [DEBUG] Successfully fetched data from the database
2023-04-21 09:54:32,945 - [DEBUG] Successfully retrieved a list of speeches
2023-04-21 09:54:33,029 - [DEBUG] Attempting to fetch a SpeechGroup
2023-04-21 09:54:33,029 - [DEBUG] Retrieving data from the database
2023-04-21 09:54:38,871 - [DEBUG] Successfully fetched data from the database
2023-04-21 09:54:38,881 - [DEBUG] Successfully retrieved a list of speeches
2023-04-21 09:54:42,899 - [DEBUG] Attempting to extend a peechGroup
2023-04-27 15:21:30,190 - [DEBUG] New log created with Medium Detail
2023-04-27 15:21:30,190 - [DEBUG] New log created with Medium Detail
2023-04-27 15:21:30,217 - [DEBUG] Database Initialized
2023-04-27 15:21:30,217 - [DEBUG] Database Initialized
2023-04-27 15:21:36,030 - [DEBUG] Attempting to fetch a SpeechGroup
2023-04-27 15:21:36,030 - [DEBUG] Attempting to fetch a SpeechGroup
2023-04-27 15:21:36,032 - [DEBUG] Retrieving data from the database
2023-04-27 15:21:36,032 - [DEBUG] Retrieving data from the database
2023-04-27 15:21:41,520 - [DEBUG] Successfully fetched data from the database
2023-04-27 15:21:41,520 - [DEBUG] Successfully fetched data from the database
2023-04-27 15:21:41,571 - [DEBUG] Successfully retrieved a list of speeches
2023-04-27 15:21:41,571 - [DEBUG] Successfully retrieved a list of speeches
2023-04-27 15:21:41,677 - [DEBUG] Attempting to fetch a SpeechGroup
2023-04-27 15:21:41,677 - [DEBUG] Attempting to fetch a SpeechGroup
2023-04-27 15:21:41,677 - [DEBUG] Retrieving data from the database
2023-04-27 15:21:41,677 - [DEBUG] Retrieving data from the database
2023-04-27 15:21:46,844 - [DEBUG] Successfully fetched data from the database
2023-04-27 15:21:46,844 - [DEBUG] Successfully fetched data from the database
2023-04-27 15:21:46,856 - [DEBUG] Successfully retrieved a list of speeches
2023-04-27 15:21:46,856 - [DEBUG] Successfully retrieved a list of speeches
2023-04-27 15:21:47,846 - [DEBUG] Attempting to extend a peechGroup
2023-04-27 15:21:47,846 - [DEBUG] Attempting to extend a peechGroup
2023-04-27 15:30:18,070 - [DEBUG] New log created with Medium Detail
2023-04-27 15:30:18,070 - [DEBUG] Database Initialized
2023-04-27 15:30:18,137 - [DEBUG] Attempting to fetch a SpeechGroup
2023-04-27 15:30:18,138 - [DEBUG] Retrieving data from the database
2023-04-27 15:30:24,629 - [DEBUG] Successfully fetched data from the database
2023-04-27 15:30:24,637 - [DEBUG] Successfully retrieved a list of speeches
2023-04-27 15:30:24,700 - [DEBUG] Attempting to fetch a SpeechGroup
2023-04-27 15:30:24,701 - [DEBUG] Retrieving data from the database
2023-04-27 15:30:29,715 - [DEBUG] Successfully fetched data from the database
2023-04-27 15:30:29,725 - [DEBUG] Successfully retrieved a list of speeches
2023-04-27 15:30:29,779 - [DEBUG] Attempting to extend a peechGroup
2023-04-27 16:19:57,870 - [DEBUG] New log created with Medium Detail
2023-04-27 16:19:57,870 - [DEBUG] New log created with Medium Detail
2023-04-27 16:19:57,871 - [DEBUG] Database Initialized
2023-04-27 16:19:57,871 - [DEBUG] Database Initialized
2023-04-27 16:19:58,293 - [DEBUG] Attempting to fetch a SpeechGroup
2023-04-27 16:19:58,293 - [DEBUG] Attempting to fetch a SpeechGroup
2023-04-27 16:19:58,294 - [DEBUG] Retrieving data from the database
2023-04-27 16:19:58,294 - [DEBUG] Retrieving data from the database
2023-04-27 16:20:03,026 - [DEBUG] Successfully fetched data from the database
2023-04-27 16:20:03,026 - [DEBUG] Successfully fetched data from the database
2023-04-27 16:20:03,036 - [DEBUG] Successfully retrieved a list of speeches
2023-04-27 16:20:03,036 - [DEBUG] Successfully retrieved a list of speeches
2023-04-27 16:20:07,423 - [DEBUG] Attempting to fetch a SpeechGroup
2023-04-27 16:20:07,423 - [DEBUG] Attempting to fetch a SpeechGroup
2023-04-27 16:20:07,424 - [DEBUG] Retrieving data from the database
2023-04-27 16:20:07,424 - [DEBUG] Retrieving data from the database
2023-04-27 16:20:13,213 - [DEBUG] Successfully fetched data from the database
2023-04-27 16:20:13,213 - [DEBUG] Successfully fetched data from the database
2023-04-27 16:20:13,222 - [DEBUG] Successfully retrieved a list of speeches
2023-04-27 16:20:13,222 - [DEBUG] Successfully retrieved a list of speeches
2023-04-27 16:20:17,166 - [DEBUG] Attempting to extend a peechGroup
2023-04-27 16:20:17,166 - [DEBUG] Attempting to extend a peechGroup
2023-04-27 16:37:06,806 - [DEBUG] New log created with Medium Detail
2023-04-27 16:37:06,806 - [DEBUG] New log created with Medium Detail
2023-04-27 16:37:06,806 - [DEBUG] New log created with Medium Detail
2023-04-27 16:37:06,806 - [DEBUG] Database Initialized
2023-04-27 16:37:06,806 - [DEBUG] Database Initialized
2023-04-27 16:37:06,806 - [DEBUG] Database Initialized
2023-05-08 22:24:49,143 - [DEBUG] New log created with Medium Detail
2023-05-08 22:24:49,143 - [DEBUG] Database Initialized
2023-05-08 22:24:49,220 - [DEBUG] Attempting to fetch a SpeechGroup
2023-05-08 22:24:49,221 - [DEBUG] Retrieving data from the database
2023-05-08 22:24:54,135 - [DEBUG] Successfully fetched data from the database
2023-05-08 22:24:54,145 - [DEBUG] Successfully retrieved a list of speeches
2023-05-08 22:24:54,215 - [DEBUG] Attempting to fetch a SpeechGroup
2023-05-08 22:24:54,218 - [DEBUG] Retrieving data from the database
2023-05-08 22:24:59,432 - [DEBUG] Successfully fetched data from the database
2023-05-08 22:24:59,441 - [DEBUG] Successfully retrieved a list of speeches
2023-05-08 22:24:59,525 - [DEBUG] Attempting to extend a peechGroup
2023-05-08 22:25:02,404 - [DEBUG] Attempting to extend a peechGroup
2023-05-08 22:41:15,249 - [WARNING] Failed to download urn:cts:greekLit:tlg0012.tlg002.perseus-grc2:10.456-10.465: 500 Server Error: INTERNAL SERVER ERROR for url: https://scaife-cts.perseus.org/api/cts?urn=urn%3Acts%3AgreekLit%3Atlg0012.tlg002.perseus-grc2%3A10.456-10.465&request=GetPassage
2023-05-10 14:56:08,423 - [DEBUG] New log created with Medium Detail
2023-05-10 14:56:08,423 - [DEBUG] Database Initialized
2023-05-10 14:56:10,436 - [DEBUG] Attempting to fetch a SpeechGroup
2023-05-10 14:56:10,436 - [DEBUG] Retrieving data from the database
2023-05-10 14:57:17,472 - [DEBUG] Successfully fetched data from the database
2023-05-10 14:57:17,501 - [DEBUG] Successfully retrieved a list of speeches
2023-05-10 14:57:17,789 - [DEBUG] Attempting to fetch a SpeechGroup
2023-05-10 14:57:17,789 - [DEBUG] Retrieving data from the database
2023-05-10 14:57:23,609 - [DEBUG] Successfully fetched data from the database
2023-05-10 14:57:23,618 - [DEBUG] Successfully retrieved a list of speeches
2023-05-10 14:57:29,623 - [DEBUG] New log created with Medium Detail
2023-05-10 14:57:29,623 - [DEBUG] New log created with Medium Detail
2023-05-10 14:57:29,623 - [DEBUG] Database Initialized
2023-05-10 14:57:29,623 - [DEBUG] Database Initialized
2023-05-10 14:57:30,506 - [DEBUG] Attempting to fetch a SpeechGroup
2023-05-10 14:57:30,506 - [DEBUG] Attempting to fetch a SpeechGroup
2023-05-10 14:57:30,506 - [DEBUG] Retrieving data from the database
2023-05-10 14:57:30,506 - [DEBUG] Retrieving data from the database
2023-05-10 14:57:37,384 - [DEBUG] Successfully fetched data from the database
2023-05-10 14:57:37,384 - [DEBUG] Successfully fetched data from the database
2023-05-10 14:57:37,391 - [DEBUG] Successfully retrieved a list of speeches
2023-05-10 14:57:37,391 - [DEBUG] Successfully retrieved a list of speeches
2023-05-10 14:57:37,511 - [DEBUG] Attempting to fetch a SpeechGroup
2023-05-10 14:57:37,511 - [DEBUG] Attempting to fetch a SpeechGroup
2023-05-10 14:57:37,511 - [DEBUG] Retrieving data from the database
2023-05-10 14:57:37,511 - [DEBUG] Retrieving data from the database
2023-05-10 14:57:43,577 - [DEBUG] Successfully fetched data from the database
2023-05-10 14:57:43,577 - [DEBUG] Successfully fetched data from the database
2023-05-10 14:57:43,585 - [DEBUG] Successfully retrieved a list of speeches
2023-05-10 14:57:43,585 - [DEBUG] Successfully retrieved a list of speeches
2023-05-10 14:57:43,657 - [DEBUG] Attempting to extend a peechGroup
2023-05-10 14:57:43,657 - [DEBUG] Attempting to extend a peechGroup
2023-05-10 15:17:49,716 - [WARNING] Failed to download urn:cts:greekLit:tlg0012.tlg002.perseus-grc2:10.456-10.465: 500 Server Error: INTERNAL SERVER ERROR for url: https://scaife-cts.perseus.org/api/cts?urn=urn%3Acts%3AgreekLit%3Atlg0012.tlg002.perseus-grc2%3A10.456-10.465&request=GetPassage
2023-05-10 15:17:49,716 - [WARNING] Failed to download urn:cts:greekLit:tlg0012.tlg002.perseus-grc2:10.456-10.465: 500 Server Error: INTERNAL SERVER ERROR for url: https://scaife-cts.perseus.org/api/cts?urn=urn%3Acts%3AgreekLit%3Atlg0012.tlg002.perseus-grc2%3A10.456-10.465&request=GetPassage
2023-10-23 13:40:46,055 - [DEBUG] New log created with Medium Detail
2023-10-23 13:40:46,055 - [DEBUG] Database Initialized
2023-10-23 13:40:58,680 - [DEBUG] Attempting to fetch a SpeechGroup
2023-10-23 13:40:58,680 - [DEBUG] Retrieving data from the database
2023-10-23 13:42:52,452 - [DEBUG] New log created with Medium Detail
2023-10-23 13:42:52,452 - [DEBUG] New log created with Medium Detail
2023-10-23 13:42:52,453 - [DEBUG] Database Initialized
2023-10-23 13:42:52,453 - [DEBUG] Database Initialized
2023-10-23 13:42:57,756 - [DEBUG] Attempting to fetch a SpeechGroup
2023-10-23 13:42:57,756 - [DEBUG] Attempting to fetch a SpeechGroup
2023-10-23 13:42:57,756 - [DEBUG] Retrieving data from the database
2023-10-23 13:42:57,756 - [DEBUG] Retrieving data from the database
2023-10-23 13:43:01,730 - [DEBUG] Successfully fetched data from the database
2023-10-23 13:43:01,730 - [DEBUG] Successfully fetched data from the database
2023-10-23 13:43:01,739 - [DEBUG] Successfully retrieved a list of speeches
2023-10-23 13:43:01,739 - [DEBUG] Successfully retrieved a list of speeches
2023-10-23 13:43:13,231 - [DEBUG] Attempting to fetch a SpeechGroup
2023-10-23 13:43:13,231 - [DEBUG] Attempting to fetch a SpeechGroup
2023-10-23 13:43:13,232 - [DEBUG] Retrieving data from the database
2023-10-23 13:43:13,232 - [DEBUG] Retrieving data from the database
2023-10-23 13:43:17,417 - [DEBUG] Successfully fetched data from the database
2023-10-23 13:43:17,417 - [DEBUG] Successfully fetched data from the database
2023-10-23 13:43:17,426 - [DEBUG] Successfully retrieved a list of speeches
2023-10-23 13:43:17,426 - [DEBUG] Successfully retrieved a list of speeches
2023-10-23 13:43:22,564 - [DEBUG] Attempting to extend a peechGroup
2023-10-23 13:43:22,564 - [DEBUG] Attempting to extend a peechGroup
2023-10-23 13:52:21,547 - [DEBUG] Attempting to fetch a SpeechGroup
2023-10-23 13:52:21,547 - [DEBUG] Attempting to fetch a SpeechGroup
2023-10-23 13:52:21,547 - [DEBUG] Retrieving data from the database
2023-10-23 13:52:21,547 - [DEBUG] Retrieving data from the database
2023-10-23 13:52:21,735 - [DEBUG] Successfully fetched data from the database
2023-10-23 13:52:21,735 - [DEBUG] Successfully fetched data from the database
2023-10-23 13:52:21,736 - [DEBUG] Successfully retrieved a list of speeches
2023-10-23 13:52:21,736 - [DEBUG] Successfully retrieved a list of speeches
